0 info it worked if it ends with ok
1 verbose cli [ '/usr/local/bin/node', '/usr/local/bin/npm', 'run', 'test' ]
2 info using npm@2.0.0
3 info using node@v0.11.14
4 verbose run-script [ 'pretest', 'test', 'posttest' ]
5 info pretest gulp-ng-annotate-check@0.0.0
6 info test gulp-ng-annotate-check@0.0.0
7 verbose unsafe-perm in lifecycle true
8 info gulp-ng-annotate-check@0.0.0 Failed to exec test script
9 verbose stack Error: Exit status 1
9 verbose stack     at ChildProcess.<anonymous> (/usr/local/lib/node_modules/npm/lib/utils/lifecycle.js:212:16)
9 verbose stack     at ChildProcess.emit (events.js:110:17)
9 verbose stack     at maybeClose (child_process.js:1000:16)
9 verbose stack     at Process.ChildProcess._handle.onexit (child_process.js:1072:5)
10 verbose pkgid gulp-ng-annotate-check@0.0.0
11 verbose cwd /var/www/gulp-ng-annotate-check
12 error Linux 3.13.0-36-generic
13 error argv "/usr/local/bin/node" "/usr/local/bin/npm" "run" "test"
14 error node v0.11.14
15 error npm  v2.0.0
16 error code ELIFECYCLE
17 error gulp-ng-annotate-check@0.0.0 test: `istanbul test _mocha --report html -- test/*.js --reporter spec`
17 error Exit status 1
18 error Failed at the gulp-ng-annotate-check@0.0.0 test script.
18 error This is most likely a problem with the gulp-ng-annotate-check package,
18 error not with npm itself.
18 error Tell the author that this fails on your system:
18 error     istanbul test _mocha --report html -- test/*.js --reporter spec
18 error You can get their info via:
18 error     npm owner ls gulp-ng-annotate-check
18 error There is likely additional logging output above.
19 verbose exit [ 1, true ]
